<?xml version="1.0" encoding="UTF-8"?>
<!-- Generated by org.testng.reporters.JUnitReportReporter -->
<testsuite skipped="0" hostname="BDC6-DX-6D6BNK2" name="tests.NewTest" tests="1" failures="0" timestamp="16 Nov 2018 06:52:16 GMT" time="10.465" errors="0">
  <testcase name="f" time="10.465" classname="tests.NewTest"/>
</testsuite> <!-- tests.NewTest -->
