<?xml version="1.0" encoding="UTF-8"?>
<!-- Generated by org.testng.reporters.JUnitReportReporter -->
<testsuite skipped="1" hostname="BDC6-DX-6D6BNK2" name="tests.demowebshop_wait" tests="2" failures="0" timestamp="16 Nov 2018 07:23:11 GMT" time="7.114" errors="0">
  <testcase name="keyboardactions" time="7.114" classname="tests.demowebshop_wait"/>
  <testcase name="f" classname="tests.demowebshop_wait">
    <skipped/>
  </testcase> <!-- f -->
</testsuite> <!-- tests.demowebshop_wait -->
