<?xml version="1.0" encoding="UTF-8"?>
<!-- Generated by org.testng.reporters.JUnitReportReporter -->
<testsuite skipped="0" hostname="BDC6-DX-6D6BNK2" name="com.test.NewT" tests="1" failures="0" timestamp="14 Nov 2018 05:54:15 GMT" time="6.993" errors="0">
  <testcase name="f" time="6.993" classname="com.test.NewT"/>
</testsuite> <!-- com.test.NewT -->
