<?xml version="1.0" encoding="UTF-8"?>
<!-- Generated by org.testng.reporters.JUnitReportReporter -->
<testsuite skipped="0" hostname="BDC6-DX-6D6BNK2" name="com.test.NewTest2" tests="2" failures="0" timestamp="13 Nov 2018 09:41:27 GMT" time="0.007" errors="0">
  <testcase name="name" time="0.006" classname="com.test.NewTest2"/>
  <testcase name="name" time="0.001" classname="com.test.NewTest2"/>
</testsuite> <!-- com.test.NewTest2 -->
