<?xml version="1.0" encoding="UTF-8"?>
<!-- Generated by org.testng.reporters.JUnitReportReporter -->
<testsuite skipped="0" hostname="BDC6-DX-6D6BNK2" name="com.test.Verification" tests="2" failures="0" timestamp="13 Nov 2018 08:58:22 GMT" time="8.524" errors="0">
  <testcase name="register" time="7.105" classname="com.test.Verification"/>
  <testcase name="login" time="1.419" classname="com.test.Verification"/>
</testsuite> <!-- com.test.Verification -->
