<?xml version="1.0" encoding="UTF-8"?>
<!-- Generated by org.testng.reporters.JUnitReportReporter -->
<testsuite skipped="0" hostname="BDC6-DX-6D6BNK2" name="com.test.NewTest" tests="1" failures="0" timestamp="15 Nov 2018 06:26:35 GMT" time="12.682" errors="0">
  <testcase name="f" time="12.682" classname="com.test.NewTest"/>
</testsuite> <!-- com.test.NewTest -->
