<?xml version="1.0" encoding="UTF-8"?>
<!-- Generated by org.testng.reporters.JUnitReportReporter -->
<testsuite skipped="0" hostname="BDC6-DX-6D6BNK2" name="com.test.NewTest4" tests="2" failures="0" timestamp="13 Nov 2018 09:39:28 GMT" time="0.009" errors="0">
  <testcase name="f" time="0.006" classname="com.test.NewTest4"/>
  <testcase name="fr" time="0.003" classname="com.test.NewTest4"/>
</testsuite> <!-- com.test.NewTest4 -->
