<?xml version="1.0" encoding="UTF-8"?>
<!-- Generated by org.testng.reporters.JUnitReportReporter -->
<testsuite skipped="0" hostname="BDC6-DX-6D6BNK2" name="com.test.Newtest1" tests="1" failures="0" timestamp="13 Nov 2018 06:06:31 GMT" time="13.338" errors="0">
  <testcase name="testgoogle" time="13.338" classname="com.test.Newtest1"/>
</testsuite> <!-- com.test.Newtest1 -->
