<?xml version="1.0" encoding="UTF-8"?>
<!-- Generated by org.testng.reporters.JUnitReportReporter -->
<testsuite skipped="0" hostname="BDC6-DX-6D6BNK2" name="com.test.New" tests="1" failures="0" timestamp="14 Nov 2018 08:53:02 GMT" time="18.846" errors="0">
  <testcase name="f" time="18.846" classname="com.test.New"/>
</testsuite> <!-- com.test.New -->
